checking auto-mpg.data.txt
checking auto-mpg.clean.txt
auto-mpg.clean.txt exists
Parsing auto-mpg.clean.txt into AutoMPG objects
AutoMPG('amc', 'ambassador brougham', 1973, 13.0)
AutoMPG('amc', 'ambassador dpl', 1970, 15.0)
AutoMPG('amc', 'ambassador sst', 1972, 17.0)
AutoMPG('amc', 'concord d/l', 1978, 18.1)
AutoMPG('amc', 'concord dl 6', 1979, 20.2)
AutoMPG('amc', 'concord dl', 1982, 23.0)
AutoMPG('amc', 'concord', 1978, 19.4)
AutoMPG('amc', 'concord', 1980, 24.3)
AutoMPG('amc', 'gremlin', 1970, 21.0)
AutoMPG('amc', 'gremlin', 1971, 19.0)
AutoMPG('amc', 'gremlin', 1973, 18.0)
AutoMPG('amc', 'gremlin', 1975, 20.0)
AutoMPG('amc', 'hornet sportabout (sw)', 1971, 18.0)
AutoMPG('amc', 'hornet', 1970, 18.0)
AutoMPG('amc', 'hornet', 1973, 18.0)
AutoMPG('amc', 'hornet', 1974, 19.0)
AutoMPG('amc', 'hornet', 1976, 22.5)
AutoMPG('amc', 'matador (sw)', 1972, 15.0)
AutoMPG('amc', 'matador (sw)', 1974, 14.0)
AutoMPG('amc', 'matador', 1971, 18.0)
AutoMPG('amc', 'matador', 1973, 14.0)
AutoMPG('amc', 'matador', 1974, 16.0)
AutoMPG('amc', 'matador', 1975, 15.0)
AutoMPG('amc', 'matador', 1976, 15.5)
AutoMPG('amc', 'pacer d/l', 1976, 17.5)
AutoMPG('amc', 'pacer', 1975, 19.0)
AutoMPG('amc', 'rebel sst', 1970, 16.0)
AutoMPG('amc', 'spirit dl', 1979, 27.4)
AutoMPG('audi', '100 ls', 1970, 24.0)
AutoMPG('audi', '100ls', 1973, 20.0)
AutoMPG('audi', '100ls', 1975, 23.0)
AutoMPG('audi', '4000', 1980, 34.3)
AutoMPG('audi', '5000', 1978, 20.3)
AutoMPG('audi', '5000s (diesel)', 1980, 36.4)
AutoMPG('audi', 'fox', 1974, 29.0)
AutoMPG('bmw', '2002', 1970, 26.0)
AutoMPG('bmw', '320i', 1977, 21.5)
AutoMPG('buick', 'century 350', 1973, 13.0)
AutoMPG('buick', 'century limited', 1982, 25.0)
AutoMPG('buick', 'century luxus (sw)', 1974, 13.0)
AutoMPG('buick', 'century special', 1978, 20.6)
AutoMPG('buick', 'century', 1975, 17.0)
AutoMPG('buick', 'century', 1981, 22.4)
AutoMPG('buick', 'electra 225 custom', 1973, 12.0)
AutoMPG('buick', 'estate wagon (sw)', 1970, 14.0)
AutoMPG('buick', 'estate wagon (sw)', 1979, 16.9)
AutoMPG('buick', 'lesabre custom', 1972, 13.0)
AutoMPG('buick', 'opel isuzu deluxe', 1977, 30.0)
AutoMPG('buick', 'regal sport coupe (turbo)', 1978, 17.7)
AutoMPG('buick', 'skyhawk', 1975, 21.0)
AutoMPG('buick', 'skylark 320', 1970, 15.0)
AutoMPG('buick', 'skylark limited', 1979, 28.4)
AutoMPG('buick', 'skylark', 1977, 20.5)
AutoMPG('buick', 'skylark', 1981, 26.6)
AutoMPG('cadillac', 'eldorado', 1979, 23.0)
AutoMPG('cadillac', 'seville', 1976, 16.5)
AutoMPG('capri', 'ii', 1976, 25.0)
AutoMPG('chevroelt', 'chevelle malibu', 1975, 16.0)
AutoMPG('chevrolet', 'bel air', 1975, 15.0)
AutoMPG('chevrolet', 'camaro', 1982, 27.0)
AutoMPG('chevrolet', 'caprice classic', 1973, 13.0)
AutoMPG('chevrolet', 'caprice classic', 1977, 17.5)
AutoMPG('chevrolet', 'caprice classic', 1979, 17.0)
AutoMPG('chevrolet', 'cavalier 2-door', 1982, 34.0)
AutoMPG('chevrolet', 'cavalier wagon', 1982, 27.0)
AutoMPG('chevrolet', 'cavalier', 1982, 28.0)
AutoMPG('chevrolet', 'chevelle concours (sw)', 1972, 13.0)
AutoMPG('chevrolet', 'chevelle malibu classic', 1974, 16.0)
AutoMPG('chevrolet', 'chevelle malibu classic', 1976, 17.5)
AutoMPG('chevrolet', 'chevelle malibu', 1970, 18.0)
AutoMPG('chevrolet', 'chevelle malibu', 1971, 17.0)
AutoMPG('chevrolet', 'chevette', 1976, 29.0)
AutoMPG('chevrolet', 'chevette', 1977, 30.5)
AutoMPG('chevrolet', 'chevette', 1978, 30.0)
AutoMPG('chevrolet', 'chevette', 1980, 32.1)
AutoMPG('chevrolet', 'citation', 1979, 28.8)
AutoMPG('chevrolet', 'citation', 1980, 28.0)
AutoMPG('chevrolet', 'citation', 1981, 23.5)
AutoMPG('chevrolet', 'concours', 1977, 17.5)
AutoMPG('chevrolet', 'impala', 1970, 14.0)
AutoMPG('chevrolet', 'impala', 1971, 14.0)
AutoMPG('chevrolet', 'impala', 1972, 13.0)
AutoMPG('chevrolet', 'impala', 1973, 11.0)
AutoMPG('chevrolet', 'malibu classic (sw)', 1979, 19.2)
AutoMPG('chevrolet', 'malibu', 1973, 13.0)
AutoMPG('chevrolet', 'malibu', 1978, 20.5)
AutoMPG('chevrolet', 'monte carlo landau', 1977, 15.5)
AutoMPG('chevrolet', 'monte carlo landau', 1978, 19.2)
AutoMPG('chevrolet', 'monte carlo s', 1973, 15.0)
AutoMPG('chevrolet', 'monte carlo', 1970, 15.0)
AutoMPG('chevrolet', 'monza 2+2', 1975, 20.0)
AutoMPG('chevrolet', 'nova custom', 1973, 16.0)
AutoMPG('chevrolet', 'nova', 1974, 15.0)
AutoMPG('chevrolet', 'nova', 1975, 18.0)
AutoMPG('chevrolet', 'nova', 1976, 22.0)
AutoMPG('chevrolet', 'vega (sw)', 1971, 22.0)
AutoMPG('chevrolet', 'vega 2300', 1971, 28.0)
AutoMPG('chevrolet', 'vega', 1972, 20.0)
AutoMPG('chevrolet', 'vega', 1973, 21.0)
AutoMPG('chevrolet', 'vega', 1974, 25.0)
AutoMPG('chevrolet', 'woody', 1976, 24.5)
AutoMPG('chevy', 'c10', 1976, 13.0)
AutoMPG('chevy', 'c20', 1970, 10.0)
AutoMPG('chevy', 's-10', 1982, 31.0)
AutoMPG('chrysler', 'cordoba', 1977, 15.5)
AutoMPG('chrysler', 'lebaron medallion', 1982, 26.0)
AutoMPG('chrysler', 'lebaron salon', 1981, 17.6)
AutoMPG('chrysler', 'lebaron town @ country (sw)', 1979, 18.5)
AutoMPG('chrysler', 'new yorker brougham', 1973, 13.0)
AutoMPG('chrysler', 'newport royal', 1972, 13.0)
AutoMPG('datsun', '1200', 1971, 35.0)
AutoMPG('datsun', '200-sx', 1978, 23.9)
AutoMPG('datsun', '200sx', 1981, 32.9)
AutoMPG('datsun', '210 mpg', 1981, 37.0)
AutoMPG('datsun', '210', 1979, 31.8)
AutoMPG('datsun', '210', 1980, 40.8)
AutoMPG('datsun', '280-zx', 1980, 32.7)
AutoMPG('datsun', '310 gx', 1982, 38.0)
AutoMPG('datsun', '310', 1980, 37.2)
AutoMPG('datsun', '510 (sw)', 1972, 28.0)
AutoMPG('datsun', '510 hatchback', 1980, 37.0)
AutoMPG('datsun', '510', 1978, 27.2)
AutoMPG('datsun', '610', 1973, 22.0)
AutoMPG('datsun', '710', 1974, 32.0)
AutoMPG('datsun', '710', 1975, 24.0)
AutoMPG('datsun', '810 maxima', 1981, 24.2)
AutoMPG('datsun', '810', 1977, 22.0)
AutoMPG('datsun', 'b-210', 1976, 32.0)
AutoMPG('datsun', 'b210 gx', 1978, 39.4)
AutoMPG('datsun', 'b210', 1974, 31.0)
AutoMPG('datsun', 'f-10 hatchback', 1977, 33.5)
AutoMPG('datsun', 'pl510', 1970, 27.0)
AutoMPG('datsun', 'pl510', 1971, 27.0)
AutoMPG('dodge', 'aries se', 1982, 29.0)
AutoMPG('dodge', 'aries wagon (sw)', 1981, 25.8)
AutoMPG('dodge', 'aspen 6', 1979, 20.6)
AutoMPG('dodge', 'aspen se', 1976, 20.0)
AutoMPG('dodge', 'aspen', 1978, 18.6)
AutoMPG('dodge', 'aspen', 1980, 19.1)
AutoMPG('dodge', 'challenger se', 1970, 15.0)
AutoMPG('dodge', 'charger 2.2', 1982, 36.0)
AutoMPG('dodge', 'colt (sw)', 1972, 28.0)
AutoMPG('dodge', 'colt hardtop', 1972, 25.0)
AutoMPG('dodge', 'colt hatchback custom', 1979, 35.7)
AutoMPG('dodge', 'colt m/m', 1977, 33.5)
AutoMPG('dodge', 'colt', 1974, 28.0)
AutoMPG('dodge', 'colt', 1976, 26.0)
AutoMPG('dodge', 'colt', 1980, 27.9)
AutoMPG('dodge', 'coronet brougham', 1976, 16.0)
AutoMPG('dodge', 'coronet custom (sw)', 1974, 14.0)
AutoMPG('dodge', 'coronet custom', 1973, 15.0)
AutoMPG('dodge', 'd100', 1976, 13.0)
AutoMPG('dodge', 'd200', 1970, 11.0)
AutoMPG('dodge', 'dart custom', 1973, 15.0)
AutoMPG('dodge', 'diplomat', 1978, 19.4)
AutoMPG('dodge', 'magnum xe', 1978, 17.5)
AutoMPG('dodge', 'monaco (sw)', 1971, 12.0)
AutoMPG('dodge', 'monaco brougham', 1977, 15.5)
AutoMPG('dodge', 'omni', 1978, 30.9)
AutoMPG('dodge', 'rampage', 1982, 32.0)
AutoMPG('dodge', 'st. regis', 1979, 18.2)
AutoMPG('fiat', '124 sport coupe', 1973, 26.0)
AutoMPG('fiat', '124 tc', 1974, 26.0)
AutoMPG('fiat', '124b', 1971, 30.0)
AutoMPG('fiat', '128', 1973, 29.0)
AutoMPG('fiat', '128', 1974, 24.0)
AutoMPG('fiat', '131', 1976, 28.0)
AutoMPG('fiat', 'strada custom', 1979, 37.3)
AutoMPG('fiat', 'x1.9', 1974, 31.0)
AutoMPG('ford', 'country squire (sw)', 1971, 13.0)
AutoMPG('ford', 'country squire (sw)', 1979, 15.5)
AutoMPG('ford', 'country', 1973, 12.0)
AutoMPG('ford', 'escort 2h', 1981, 29.9)
AutoMPG('ford', 'escort 4w', 1981, 34.4)
AutoMPG('ford', 'f108', 1976, 13.0)
AutoMPG('ford', 'f250', 1970, 10.0)
AutoMPG('ford', 'fairmont (auto)', 1978, 20.2)
AutoMPG('ford', 'fairmont (man)', 1978, 25.1)
AutoMPG('ford', 'fairmont 4', 1979, 22.3)
AutoMPG('ford', 'fairmont futura', 1982, 24.0)
AutoMPG('ford', 'fairmont', 1980, 26.4)
AutoMPG('ford', 'fiesta', 1978, 36.1)
AutoMPG('ford', 'futura', 1978, 18.1)
AutoMPG('ford', 'galaxie 500', 1970, 15.0)
AutoMPG('ford', 'galaxie 500', 1971, 14.0)
AutoMPG('ford', 'galaxie 500', 1972, 14.0)
AutoMPG('ford', 'gran torino (sw)', 1972, 13.0)
AutoMPG('ford', 'gran torino (sw)', 1974, 14.0)
AutoMPG('ford', 'gran torino', 1973, 14.0)
AutoMPG('ford', 'gran torino', 1974, 16.0)
AutoMPG('ford', 'gran torino', 1976, 14.5)
AutoMPG('ford', 'granada ghia', 1976, 18.0)
AutoMPG('ford', 'granada gl', 1981, 20.2)
AutoMPG('ford', 'granada l', 1982, 22.0)
AutoMPG('ford', 'granada', 1977, 18.5)
AutoMPG('ford', 'ltd landau', 1979, 17.6)
AutoMPG('ford', 'ltd', 1973, 13.0)
AutoMPG('ford', 'ltd', 1975, 14.0)
AutoMPG('ford', 'maverick', 1970, 21.0)
AutoMPG('ford', 'maverick', 1973, 18.0)
AutoMPG('ford', 'maverick', 1974, 21.0)
AutoMPG('ford', 'maverick', 1975, 15.0)
AutoMPG('ford', 'maverick', 1976, 24.0)
AutoMPG('ford', 'mustang cobra', 1980, 23.6)
AutoMPG('ford', 'mustang gl', 1982, 27.0)
AutoMPG('ford', 'mustang ii 2+2', 1977, 25.5)
AutoMPG('ford', 'mustang ii', 1975, 13.0)
AutoMPG('ford', 'mustang', 1971, 18.0)
AutoMPG('ford', 'pinto (sw)', 1972, 22.0)
AutoMPG('ford', 'pinto runabout', 1972, 21.0)
AutoMPG('ford', 'pinto', 1971, 25.0)
AutoMPG('ford', 'pinto', 1973, 19.0)
AutoMPG('ford', 'pinto', 1974, 26.0)
AutoMPG('ford', 'pinto', 1975, 18.0)
AutoMPG('ford', 'pinto', 1975, 23.0)
AutoMPG('ford', 'pinto', 1976, 26.5)
AutoMPG('ford', 'ranger', 1982, 28.0)
AutoMPG('ford', 'thunderbird', 1977, 16.0)
AutoMPG('ford', 'torino 500', 1971, 19.0)
AutoMPG('ford', 'torino', 1970, 17.0)
AutoMPG('hi', '1200d', 1970, 9.0)
AutoMPG('honda', 'accord cvcc', 1977, 31.5)
AutoMPG('honda', 'accord lx', 1978, 29.5)
AutoMPG('honda', 'accord', 1980, 32.4)
AutoMPG('honda', 'accord', 1982, 36.0)
AutoMPG('honda', 'civic (auto)', 1982, 32.0)
AutoMPG('honda', 'civic 1300', 1981, 35.1)
AutoMPG('honda', 'civic 1500 gl', 1980, 44.6)
AutoMPG('honda', 'civic cvcc', 1975, 33.0)
AutoMPG('honda', 'civic cvcc', 1978, 36.1)
AutoMPG('honda', 'civic', 1974, 24.0)
AutoMPG('honda', 'civic', 1976, 33.0)
AutoMPG('honda', 'civic', 1982, 38.0)
AutoMPG('honda', 'prelude', 1981, 33.7)
AutoMPG('maxda', 'glc deluxe', 1979, 34.1)
AutoMPG('maxda', 'rx3', 1973, 18.0)
AutoMPG('mazda', '626', 1980, 31.3)
AutoMPG('mazda', '626', 1981, 31.6)
AutoMPG('mazda', 'glc 4', 1981, 34.1)
AutoMPG('mazda', 'glc custom l', 1982, 37.0)
AutoMPG('mazda', 'glc custom', 1982, 31.0)
AutoMPG('mazda', 'glc deluxe', 1978, 32.8)
AutoMPG('mazda', 'glc', 1980, 46.6)
AutoMPG('mazda', 'rx-4', 1977, 21.5)
AutoMPG('mazda', 'rx-7 gs', 1980, 23.7)
AutoMPG('mazda', 'rx2 coupe', 1972, 19.0)
AutoMPG('mercedes', 'benz 300d', 1979, 25.4)
AutoMPG('mercedes-benz', '240d', 1980, 30.0)
AutoMPG('mercedes-benz', '280s', 1976, 16.5)
AutoMPG('mercury', 'capri 2000', 1971, 23.0)
AutoMPG('mercury', 'capri v6', 1973, 21.0)
AutoMPG('mercury', 'cougar brougham', 1977, 15.0)
AutoMPG('mercury', 'grand marquis', 1979, 16.5)
AutoMPG('mercury', 'lynx l', 1982, 36.0)
AutoMPG('mercury', 'marquis brougham', 1973, 12.0)
AutoMPG('mercury', 'marquis', 1972, 11.0)
AutoMPG('mercury', 'monarch ghia', 1978, 20.2)
AutoMPG('mercury', 'monarch', 1975, 15.0)
AutoMPG('mercury', 'zephyr 6', 1979, 19.8)
AutoMPG('mercury', 'zephyr', 1978, 20.8)
AutoMPG('nissan', 'stanza xe', 1982, 36.0)
AutoMPG('oldsmobile', 'cutlass ciera (diesel)', 1982, 38.0)
AutoMPG('oldsmobile', 'cutlass ls', 1981, 26.6)
AutoMPG('oldsmobile', 'cutlass salon brougham', 1978, 19.9)
AutoMPG('oldsmobile', 'cutlass salon brougham', 1979, 23.9)
AutoMPG('oldsmobile', 'cutlass supreme', 1977, 17.0)
AutoMPG('oldsmobile', 'delta 88 royale', 1972, 12.0)
AutoMPG('oldsmobile', 'omega brougham', 1979, 26.8)
AutoMPG('oldsmobile', 'omega', 1973, 11.0)
AutoMPG('oldsmobile', 'starfire sx', 1978, 23.8)
AutoMPG('oldsmobile', 'vista cruiser', 1973, 12.0)
AutoMPG('opel', '1900', 1971, 28.0)
AutoMPG('opel', '1900', 1976, 25.0)
AutoMPG('opel', 'manta', 1973, 24.0)
AutoMPG('opel', 'manta', 1974, 26.0)
AutoMPG('peugeot', '304', 1971, 30.0)
AutoMPG('peugeot', '504 (sw)', 1972, 21.0)
AutoMPG('peugeot', '504', 1970, 25.0)
AutoMPG('peugeot', '504', 1975, 23.0)
AutoMPG('peugeot', '504', 1976, 19.0)
AutoMPG('peugeot', '504', 1979, 27.2)
AutoMPG('peugeot', '505s turbo diesel', 1981, 28.1)
AutoMPG('peugeot', '604sl', 1978, 16.2)
AutoMPG('plymouth', 'arrow gs', 1977, 25.5)
AutoMPG('plymouth', 'champ', 1981, 39.0)
AutoMPG('plymouth', 'cricket', 1971, 26.0)
AutoMPG('plymouth', 'cuda 340', 1970, 14.0)
AutoMPG('plymouth', 'custom suburb', 1973, 13.0)
AutoMPG('plymouth', 'duster', 1970, 22.0)
AutoMPG('plymouth', 'duster', 1973, 23.0)
AutoMPG('plymouth', 'duster', 1974, 20.0)
AutoMPG('plymouth', 'fury gran sedan', 1973, 14.0)
AutoMPG('plymouth', 'fury iii', 1970, 14.0)
AutoMPG('plymouth', 'fury iii', 1971, 14.0)
AutoMPG('plymouth', 'fury iii', 1972, 15.0)
AutoMPG('plymouth', 'fury', 1975, 18.0)
AutoMPG('plymouth', 'grand fury', 1975, 16.0)
AutoMPG('plymouth', 'horizon 4', 1981, 34.7)
AutoMPG('plymouth', 'horizon miser', 1982, 38.0)
AutoMPG('plymouth', 'horizon tc3', 1979, 34.5)
AutoMPG('plymouth', 'horizon', 1979, 34.2)
AutoMPG('plymouth', 'reliant', 1981, 27.2)
AutoMPG('plymouth', 'reliant', 1981, 30.0)
AutoMPG('plymouth', 'sapporo', 1978, 23.2)
AutoMPG('plymouth', 'satellite custom (sw)', 1972, 14.0)
AutoMPG('plymouth', 'satellite custom', 1971, 16.0)
AutoMPG('plymouth', 'satellite sebring', 1974, 18.0)
AutoMPG('plymouth', 'satellite', 1970, 18.0)
AutoMPG('plymouth', 'valiant custom', 1975, 19.0)
AutoMPG('plymouth', 'valiant', 1973, 18.0)
AutoMPG('plymouth', 'valiant', 1976, 22.0)
AutoMPG('plymouth', 'volare custom', 1977, 19.0)
AutoMPG('plymouth', 'volare premier v8', 1976, 13.0)
AutoMPG('plymouth', 'volare', 1978, 20.5)
AutoMPG('pontiac', 'astro', 1975, 23.0)
AutoMPG('pontiac', 'catalina brougham', 1971, 14.0)
AutoMPG('pontiac', 'catalina', 1970, 14.0)
AutoMPG('pontiac', 'catalina', 1972, 14.0)
AutoMPG('pontiac', 'catalina', 1975, 16.0)
AutoMPG('pontiac', 'firebird', 1971, 19.0)
AutoMPG('pontiac', 'grand prix lj', 1977, 16.0)
AutoMPG('pontiac', 'grand prix', 1973, 16.0)
AutoMPG('pontiac', 'j2000 se hatchback', 1982, 31.0)
AutoMPG('pontiac', 'lemans v6', 1979, 21.5)
AutoMPG('pontiac', 'phoenix lj', 1978, 19.2)
AutoMPG('pontiac', 'phoenix', 1979, 33.5)
AutoMPG('pontiac', 'phoenix', 1982, 27.0)
AutoMPG('pontiac', 'safari (sw)', 1971, 13.0)
AutoMPG('pontiac', 'sunbird coupe', 1977, 24.5)
AutoMPG('pontiac', 'ventura sj', 1976, 18.5)
AutoMPG('renault', '12 (sw)', 1972, 26.0)
AutoMPG('renault', '12tl', 1976, 27.0)
AutoMPG('renault', '18i', 1981, 34.5)
AutoMPG('renault', '5 gtl', 1977, 36.0)
AutoMPG('renault', 'lecar deluxe', 1980, 40.9)
AutoMPG('saab', '99e', 1970, 25.0)
AutoMPG('saab', '99gle', 1978, 21.6)
AutoMPG('saab', '99le', 1973, 24.0)
AutoMPG('saab', '99le', 1975, 25.0)
AutoMPG('subaru', , 1974, 26.0)
AutoMPG('subaru', , 1981, 32.3)
AutoMPG('subaru', 'dl', 1977, 30.0)
AutoMPG('subaru', 'dl', 1980, 33.8)
AutoMPG('toyota', 'carina', 1973, 20.0)
AutoMPG('toyota', 'celica gt liftback', 1978, 21.1)
AutoMPG('toyota', 'celica gt', 1982, 32.0)
AutoMPG('toyota', 'corolla 1200', 1971, 31.0)
AutoMPG('toyota', 'corolla 1200', 1974, 32.0)
AutoMPG('toyota', 'corolla 1600 (sw)', 1972, 27.0)
AutoMPG('toyota', 'corolla liftback', 1977, 26.0)
AutoMPG('toyota', 'corolla tercel', 1980, 38.1)
AutoMPG('toyota', 'corolla', 1975, 29.0)
AutoMPG('toyota', 'corolla', 1976, 28.0)
AutoMPG('toyota', 'corolla', 1980, 32.2)
AutoMPG('toyota', 'corolla', 1981, 32.4)
AutoMPG('toyota', 'corolla', 1982, 34.0)
AutoMPG('toyota', 'corona hardtop', 1972, 24.0)
AutoMPG('toyota', 'corona liftback', 1980, 29.8)
AutoMPG('toyota', 'corona mark ii', 1970, 24.0)
AutoMPG('toyota', 'corona', 1971, 25.0)
AutoMPG('toyota', 'corona', 1974, 31.0)
AutoMPG('toyota', 'corona', 1975, 24.0)
AutoMPG('toyota', 'corona', 1978, 27.5)
AutoMPG('toyota', 'cressida', 1981, 25.4)
AutoMPG('toyota', 'mark ii', 1973, 20.0)
AutoMPG('toyota', 'mark ii', 1976, 19.0)
AutoMPG('toyota', 'starlet', 1981, 39.1)
AutoMPG('toyota', 'tercel', 1981, 37.7)
AutoMPG('toyouta', 'corona mark ii (sw)', 1972, 23.0)
AutoMPG('triumph', 'tr7 coupe', 1980, 35.0)
AutoMPG('vokswagen', 'rabbit', 1980, 29.8)
AutoMPG('volkswagen', '1131 deluxe sedan', 1970, 26.0)
AutoMPG('volkswagen', '411 (sw)', 1972, 22.0)
AutoMPG('volkswagen', 'dasher', 1974, 26.0)
AutoMPG('volkswagen', 'dasher', 1975, 25.0)
AutoMPG('volkswagen', 'dasher', 1977, 30.5)
AutoMPG('volkswagen', 'jetta', 1981, 33.0)
AutoMPG('volkswagen', 'model 111', 1971, 27.0)
AutoMPG('volkswagen', 'rabbit custom diesel', 1978, 43.1)
AutoMPG('volkswagen', 'rabbit custom', 1977, 29.0)
AutoMPG('volkswagen', 'rabbit l', 1982, 36.0)
AutoMPG('volkswagen', 'rabbit', 1975, 29.0)
AutoMPG('volkswagen', 'rabbit', 1976, 29.5)
AutoMPG('volkswagen', 'scirocco', 1978, 31.5)
AutoMPG('volkswagen', 'super beetle', 1973, 26.0)
AutoMPG('volkswagen', 'type 3', 1972, 23.0)
AutoMPG('volvo', '144ea', 1973, 19.0)
AutoMPG('volvo', '145e (sw)', 1972, 18.0)
AutoMPG('volvo', '244dl', 1975, 22.0)
AutoMPG('volvo', '245', 1976, 20.0)
AutoMPG('volvo', '264gl', 1978, 17.0)
AutoMPG('volvo', 'diesel', 1981, 30.7)
AutoMPG('vw', 'dasher (diesel)', 1980, 43.4)
AutoMPG('vw', 'pickup', 1982, 44.0)
AutoMPG('vw', 'rabbit c (diesel)', 1980, 44.3)
AutoMPG('vw', 'rabbit custom', 1979, 31.9)
AutoMPG('vw', 'rabbit', 1976, 29.0)
AutoMPG('vw', 'rabbit', 1980, 41.5)
